Unity Editor version:    2021.3.16f1 (4016570cf34f)
Branch:                  2021.3/staging
Build type:              Release
Batch mode:              YES
macOS version:           Version 13.2.1 (Build 22D68)
Darwin version:          22.3.0
Architecture:            x86_64
Running under Rosetta:   NO
Available memory:        16384 MB
Using pre-set license
Pro License: YES

COMMAND LINE ARGUMENTS:
/Applications/Unity/Hub/Editor/2021.3.16f1/Unity.app/Contents/MacOS/Unity
-adb2
-batchMode
-noUpm
-name
AssetImportWorker0
-projectPath
/Users/tejwindersingh/Documents/GitHub/Hand-Gesture-Recognition-in-VR/OculusIntegration_Template2023
-logFile
Logs/AssetImportWorker0.log
-srvPort
56294
Successfully changed project path to: /Users/tejwindersingh/Documents/GitHub/Hand-Gesture-Recognition-in-VR/OculusIntegration_Template2023
/Users/tejwindersingh/Documents/GitHub/Hand-Gesture-Recognition-in-VR/OculusIntegration_Template2023
[UnityMemory] Configuration Parameters - Can be set up in boot.config
    "memorysetup-bucket-allocator-granularity=16"
    "memorysetup-bucket-allocator-bucket-count=8"
    "memorysetup-bucket-allocator-block-size=33554432"
    "memorysetup-bucket-allocator-block-count=8"
    "memorysetup-main-allocator-block-size=16777216"
    "memorysetup-thread-allocator-block-size=16777216"
    "memorysetup-gfx-main-allocator-block-size=16777216"
    "memorysetup-gfx-thread-allocator-block-size=16777216"
    "memorysetup-cache-allocator-block-size=4194304"
    "memorysetup-typetree-allocator-block-size=2097152"
    "memorysetup-profiler-bucket-allocator-granularity=16"
    "memorysetup-profiler-bucket-allocator-bucket-count=8"
    "memorysetup-profiler-bucket-allocator-block-size=33554432"
    "memorysetup-profiler-bucket-allocator-block-count=8"
    "memorysetup-profiler-allocator-block-size=16777216"
    "memorysetup-profiler-editor-allocator-block-size=1048576"
    "memorysetup-temp-allocator-size-main=16777216"
    "memorysetup-job-temp-allocator-block-size=2097152"
    "memorysetup-job-temp-allocator-block-size-background=1048576"
    "memorysetup-job-temp-allocator-reduction-small-platforms=262144"
    "memorysetup-temp-allocator-size-background-worker=32768"
    "memorysetup-temp-allocator-size-job-worker=262144"
    "memorysetup-temp-allocator-size-preload-manager=33554432"
    "memorysetup-temp-allocator-size-nav-mesh-worker=65536"
    "memorysetup-temp-allocator-size-audio-worker=65536"
    "memorysetup-temp-allocator-size-cloud-worker=32768"
    "memorysetup-temp-allocator-size-gi-baking-worker=262144"
    "memorysetup-temp-allocator-size-gfx=262144"
Player connection [140704615810688] Host "[IP] 10.0.0.156 [Port] 0 [Flags] 2 [Guid] 3782106766 [EditorId] 3782106766 [Version] 1048832 [Id] OSXEditor(0,Tejwinders-MBP.hsd1.ma.comcast.net) [Debug] 1 [PackageName] OSXEditor [ProjectName] Editor" joined multi-casting on [225.0.0.222:54997]...

Player connection [140704615810688] Host "[IP] 10.0.0.156 [Port] 0 [Flags] 2 [Guid] 3782106766 [EditorId] 3782106766 [Version] 1048832 [Id] OSXEditor(0,Tejwinders-MBP.hsd1.ma.comcast.net) [Debug] 1 [PackageName] OSXEditor [ProjectName] Editor" joined alternative multi-casting on [225.0.0.222:34997]...

Refreshing native plugins compatible for Editor in 149.19 ms, found 6 plugins.
Preloading 1 native plugins for Editor in 8.99 ms.
Initialize engine version: 2021.3.16f1 (4016570cf34f)
[Subsystems] Discovering subsystems at path /Applications/Unity/Hub/Editor/2021.3.16f1/Unity.app/Contents/Resources/UnitySubsystems
[Subsystems] Discovering subsystems at path /Users/tejwindersingh/Documents/GitHub/Hand-Gesture-Recognition-in-VR/OculusIntegration_Template2023/Assets
GfxDevice: creating device client; threaded=0; jobified=0
Color LCD preferred device: AMD Radeon Pro 5300M (high power)
Metal devices available: 2
0: AMD Radeon Pro 5300M (high power)
1: Intel(R) UHD Graphics 630 (low power)
Using device AMD Radeon Pro 5300M (high power)
Initializing Metal device caps: AMD Radeon Pro 5300M
Shader 'Oculus/OVRMRCameraFrameLit': fallback shader 'Alpha-Diffuse' not found
Initialize mono
Mono path[0] = '/Applications/Unity/Hub/Editor/2021.3.16f1/Unity.app/Contents/Managed'
Mono path[1] = '/Applications/Unity/Hub/Editor/2021.3.16f1/Unity.app/Contents/MonoBleedingEdge/lib/mono/unityjit-macos'
Mono config path = '/Applications/Unity/Hub/Editor/2021.3.16f1/Unity.app/Contents/MonoBleedingEdge/etc'
Using monoOptions --debugger-agent=transport=dt_socket,embedding=1,server=y,suspend=n,address=127.0.0.1:56493
Begin MonoManager ReloadAssembly
Registering precompiled unity dll's ...
Register platform support module: /Applications/Unity/Hub/Editor/2021.3.16f1/PlaybackEngines/WebGLSupport/UnityEditor.WebGL.Extensions.dll
Register platform support module: /Applications/Unity/Hub/Editor/2021.3.16f1/Unity.app/Contents/PlaybackEngines/MacStandaloneSupport/UnityEditor.OSXStandalone.Extensions.dll
Register platform support module: /Applications/Unity/Hub/Editor/2021.3.16f1/PlaybackEngines/AndroidPlayer/UnityEditor.Android.Extensions.dll
Registered in 0.002177 seconds.
Native extension for Android target not found
Native extension for OSXStandalone target not found
Native extension for WebGL target not found
Refreshing native plugins compatible for Editor in 123.34 ms, found 6 plugins.
Preloading 1 native plugins for Editor in 0.60 ms.
Mono: successfully reloaded assembly
- Completed reload, in  0.809 seconds
Domain Reload Profiling:
	ReloadAssembly (810ms)
		BeginReloadAssembly (86ms)
			ExecutionOrderSort (0ms)
			DisableScriptedObjects (0ms)
			BackupInstance (0ms)
			ReleaseScriptingObjects (0ms)
			CreateAndSetChildDomain (1ms)
		EndReloadAssembly (590ms)
			LoadAssemblies (88ms)
			RebuildTransferFunctionScriptingTraits (0ms)
			SetupTypeCache (138ms)
			ReleaseScriptCaches (0ms)
			RebuildScriptCaches (35ms)
			SetupLoadedEditorAssemblies (361ms)
				LogAssemblyErrors (0ms)
				InitializePlatformSupportModulesInManaged (56ms)
				SetLoadedEditorAssemblies (1ms)
				RefreshPlugins (124ms)
				BeforeProcessingInitializeOnLoad (1ms)
				ProcessInitializeOnLoadAttributes (120ms)
				ProcessInitializeOnLoadMethodAttributes (59ms)
				AfterProcessingInitializeOnLoad (0ms)
				EditorAssembliesLoaded (0ms)
			ExecutionOrderSort2 (0ms)
			AwakeInstancesAfterBackupRestoration (0ms)
Platform modules already initialized, skipping
Registering precompiled user dll's ...
Registered in 0.014335 seconds.
Begin MonoManager ReloadAssembly
Symbol file LoadedFromMemory doesn't match image /Users/tejwindersingh/Documents/GitHub/Hand-Gesture-Recognition-in-VR/OculusIntegration_Template2023/Library/PackageCache/com.unity.visualscripting@1.7.8/Editor/VisualScripting.Core/Dependencies/DotNetZip/Unity.VisualScripting.IonicZip.dll
Symbol file LoadedFromMemory doesn't match image /Users/tejwindersingh/Documents/GitHub/Hand-Gesture-Recognition-in-VR/OculusIntegration_Template2023/Library/PackageCache/com.unity.visualscripting@1.7.8/Editor/VisualScripting.Core/Dependencies/YamlDotNet/Unity.VisualScripting.YamlDotNet.dll
OnLevelWasLoaded was found on WitService
This message has been deprecated and will be removed in a later version of Unity.
Add a delegate to SceneManager.sceneLoaded instead to get notifications after scene loading has completed
Native extension for Android target not found
Native extension for OSXStandalone target not found
Native extension for WebGL target not found
Refreshing native plugins compatible for Editor in 1.16 ms, found 6 plugins.
Preloading 1 native plugins for Editor in 0.59 ms.
Package Manager log level set to [2]
Mono: successfully reloaded assembly
- Completed reload, in  1.606 seconds
Domain Reload Profiling:
	ReloadAssembly (1607ms)
		BeginReloadAssembly (236ms)
			ExecutionOrderSort (0ms)
			DisableScriptedObjects (7ms)
			BackupInstance (0ms)
			ReleaseScriptingObjects (0ms)
			CreateAndSetChildDomain (140ms)
		EndReloadAssembly (1232ms)
			LoadAssemblies (111ms)
			RebuildTransferFunctionScriptingTraits (0ms)
			SetupTypeCache (404ms)
			ReleaseScriptCaches (6ms)
			RebuildScriptCaches (116ms)
			SetupLoadedEditorAssemblies (544ms)
				LogAssemblyErrors (0ms)
				InitializePlatformSupportModulesInManaged (13ms)
				SetLoadedEditorAssemblies (1ms)
				RefreshPlugins (2ms)
				BeforeProcessingInitializeOnLoad (96ms)
				ProcessInitializeOnLoadAttributes (405ms)
				ProcessInitializeOnLoadMethodAttributes (26ms)
				AfterProcessingInitializeOnLoad (2ms)
				EditorAssembliesLoaded (0ms)
			ExecutionOrderSort2 (0ms)
			AwakeInstancesAfterBackupRestoration (4ms)
Platform modules already initialized, skipping
========================================================================
Worker process is ready to serve import requests
Shader 'Oculus/OVRMRCameraFrameLit': fallback shader 'Alpha-Diffuse' not found
Launching external process: /Applications/Unity/Hub/Editor/2021.3.16f1/Unity.app/Contents/Tools/UnityShaderCompiler
Launched and connected shader compiler UnityShaderCompiler after 0.08 seconds
Refreshing native plugins compatible for Editor in 1.14 ms, found 6 plugins.
Preloading 1 native plugins for Editor in 0.56 ms.
Unloading 4997 Unused Serialized files (Serialized files now loaded: 0)
Unloading 70 unused Assets / (159.8 KB). Loaded Objects now: 5483.
Memory consumption went from 180.5 MB to 180.4 MB.
Total: 4.158161 ms (FindLiveObjects: 0.373956 ms CreateObjectMapping: 0.387820 ms MarkObjects: 3.172209 ms  DeleteObjects: 0.223248 ms)

AssetImportParameters requested are different than current active one (requested -> active):
  custom:video-decoder-ogg-theora: a1e56fd34408186e4bbccfd4996cb3dc -> 
  custom:container-muxer-webm: aa71ff27fc2769a1b78a27578f13a17b -> 
  custom:container-demuxer-webm: 4f35f7cbe854078d1ac9338744f61a02 -> 
  custom:video-encoder-webm-vp8: eb34c28f22e8b96e1ab97ce403110664 -> 
  custom:framework-osx-AVFoundation: e770b220cccbd017edd2c1fefb359320 -> 
  custom:audio-encoder-webm-vorbis: bf7c407c2cedff20999df2af8eb42d56 -> 
  custom:container-demuxer-ogg: 62fdf1f143b41e24485cea50d1cbac27 -> 
  custom:video-decoder-webm-vp8: 9c59270c3fd7afecdb556c50c9e8de78 -> 
  custom:audio-decoder-ogg-vorbis: bf7c407c2cedff20999df2af8eb42d56 -> 
========================================================================
Received Import Request.
  Time since last request: 223645.946702 seconds.
  path: Assets/Oculus/Interaction/Samples/Scenes/Examples/GestureExamples.unity
  artifactKey: Guid(4ee2a082a0e621b49ab01667c66f1599) Importer(815301076,1909f56bfc062723c751e8b465ee728b)
Start importing Assets/Oculus/Interaction/Samples/Scenes/Examples/GestureExamples.unity using Guid(4ee2a082a0e621b49ab01667c66f1599) Importer(815301076,1909f56bfc062723c751e8b465ee728b)  -> (artifact id: '884738468c0fa390c12ada25a1e06101') in 0.011694 seconds 
========================================================================
Received Import Request.
  Time since last request: 0.000068 seconds.
  path: Assets/Oculus/Interaction/Samples/Scenes/Examples/DistanceGrabExamples.unity
  artifactKey: Guid(e1c1f1d4144ac8849ac1833b99bdfd23) Importer(815301076,1909f56bfc062723c751e8b465ee728b)
Start importing Assets/Oculus/Interaction/Samples/Scenes/Examples/DistanceGrabExamples.unity using Guid(e1c1f1d4144ac8849ac1833b99bdfd23) Importer(815301076,1909f56bfc062723c751e8b465ee728b)  -> (artifact id: '765a9c79100e158f50feb18ddc1f94e2') in 0.000877 seconds 
========================================================================
Received Import Request.
  Time since last request: 0.737898 seconds.
  path: Assets/Oculus/Interaction/Samples/Scenes/Examples/HandGrabUseExamples.unity
  artifactKey: Guid(509f8fa80c708b343a603a4771d35c85) Importer(815301076,1909f56bfc062723c751e8b465ee728b)
Start importing Assets/Oculus/Interaction/Samples/Scenes/Examples/HandGrabUseExamples.unity using Guid(509f8fa80c708b343a603a4771d35c85) Importer(815301076,1909f56bfc062723c751e8b465ee728b)  -> (artifact id: '80ccde79e7d96b9f52121793a44a2858') in 0.001133 seconds 
========================================================================
Received Import Request.
  Time since last request: 1.510688 seconds.
  path: Assets/Oculus/Interaction/Samples/Scenes/Examples/LocomotionExamples.unity
  artifactKey: Guid(d37ed7e92220d1045a36bc73c7c4cf16) Importer(815301076,1909f56bfc062723c751e8b465ee728b)
Start importing Assets/Oculus/Interaction/Samples/Scenes/Examples/LocomotionExamples.unity using Guid(d37ed7e92220d1045a36bc73c7c4cf16) Importer(815301076,1909f56bfc062723c751e8b465ee728b)  -> (artifact id: '418beda0dc219e7d9a31f770a7c6164d') in 0.000915 seconds 
========================================================================
Received Import Request.
  Time since last request: 1.676664 seconds.
  path: Assets/Oculus/Interaction/Samples/Scenes/Examples/PokeExamples.unity
  artifactKey: Guid(ada3086bde0ab18459589e22d8d9e182) Importer(815301076,1909f56bfc062723c751e8b465ee728b)
Start importing Assets/Oculus/Interaction/Samples/Scenes/Examples/PokeExamples.unity using Guid(ada3086bde0ab18459589e22d8d9e182) Importer(815301076,1909f56bfc062723c751e8b465ee728b)  -> (artifact id: 'e092b052319878058da33b8a56d30c48') in 0.001162 seconds 
========================================================================
Received Import Request.
  Time since last request: 1.457853 seconds.
  path: Assets/Oculus/Interaction/Samples/Scenes/Examples/PoseExamples.unity
  artifactKey: Guid(4fe358b21fe17764db89a9ab9f202327) Importer(815301076,1909f56bfc062723c751e8b465ee728b)
Start importing Assets/Oculus/Interaction/Samples/Scenes/Examples/PoseExamples.unity using Guid(4fe358b21fe17764db89a9ab9f202327) Importer(815301076,1909f56bfc062723c751e8b465ee728b)  -> (artifact id: 'adc730af4d368f5138ddad458914a692') in 0.001143 seconds 
========================================================================
Received Import Request.
  Time since last request: 1.624663 seconds.
  path: Assets/Oculus/Interaction/Samples/Scenes/Examples/RayExamples.unity
  artifactKey: Guid(1b2d3f90c0f50b94cb910c66c773d00d) Importer(815301076,1909f56bfc062723c751e8b465ee728b)
Start importing Assets/Oculus/Interaction/Samples/Scenes/Examples/RayExamples.unity using Guid(1b2d3f90c0f50b94cb910c66c773d00d) Importer(815301076,1909f56bfc062723c751e8b465ee728b)  -> (artifact id: 'a03c8c6f6e53d360491fa4c6796ab441') in 0.001122 seconds 
========================================================================
Received Import Request.
  Time since last request: 65.274457 seconds.
  path: Assets/Scenes/HandGestureTemplate.unity
  artifactKey: Guid(293c029fee8d04d6990449cde5cc807e) Importer(815301076,1909f56bfc062723c751e8b465ee728b)
Start importing Assets/Scenes/HandGestureTemplate.unity using Guid(293c029fee8d04d6990449cde5cc807e) Importer(815301076,1909f56bfc062723c751e8b465ee728b)  -> (artifact id: '2922ccf26ee36604dd7e72d63fa1b819') in 0.001226 seconds 
